2017-11-08 11:25:21 Warning: DebugKit not enabled. You need to either install pdo_sqlite, or define the "debug_kit" connection name.
2017-11-08 11:25:21 Error: [PDOException] SQLSTATE[HY000] [1049] Unknown database 'cake3'
Request URL: /
Stack Trace:
#0 /var/www/html/test/vendor/cakephp/cakephp/src/Database/Driver/PDODriverTrait.php(47): PDO->__construct('mysql:host=loca...', 'root', '123456', Array)
#1 /var/www/html/test/vendor/cakephp/cakephp/src/Database/Driver/Mysql.php(104): Cake\Database\Driver\Mysql->_connect('mysql:host=loca...', Array)
#2 /var/www/html/test/vendor/cakephp/cakephp/src/Database/Schema/BaseSchema.php(45): Cake\Database\Driver\Mysql->connect()
#3 /var/www/html/test/vendor/cakephp/cakephp/src/Database/Dialect/MysqlDialectTrait.php(63): Cake\Database\Schema\BaseSchema->__construct(Object(Cake\Database\Driver\Mysql))
#4 /var/www/html/test/vendor/cakephp/cakephp/src/Database/Schema/Collection.php(52): Cake\Database\Driver\Mysql->schemaDialect()
#5 /var/www/html/test/vendor/cakephp/cakephp/src/Database/Schema/CachedCollection.php(42): Cake\Database\Schema\Collection->__construct(Object(Cake\Database\Connection))
#6 /var/www/html/test/vendor/cakephp/cakephp/src/Database/Connection.php(368): Cake\Database\Schema\CachedCollection->__construct(Object(Cake\Database\Connection), true)
#7 /var/www/html/test/vendor/cakephp/cakephp/src/ORM/Table.php(531): Cake\Database\Connection->getSchemaCollection()
#8 /var/www/html/test/vendor/cakephp/cakephp/src/ORM/Query.php(211): Cake\ORM\Table->getSchema()
#9 /var/www/html/test/vendor/cakephp/cakephp/src/ORM/Query.php(168): Cake\ORM\Query->addDefaultTypes(Object(App\Model\Table\ArticlesTable))
#10 /var/www/html/test/vendor/cakephp/cakephp/src/ORM/Table.php(1578): Cake\ORM\Query->__construct(Object(Cake\Database\Connection), Object(App\Model\Table\ArticlesTable))
#11 /var/www/html/test/vendor/cakephp/cakephp/src/ORM/Table.php(1178): Cake\ORM\Table->query()
#12 /var/www/html/test/vendor/cakephp/cakephp/src/Datasource/Paginator.php(180): Cake\ORM\Table->find('all', Array)
#13 /var/www/html/test/vendor/cakephp/cakephp/src/Controller/Component/PaginatorComponent.php(200): Cake\Datasource\Paginator->paginate(Object(App\Model\Table\ArticlesTable), Array, Array)
#14 /var/www/html/test/vendor/cakephp/cakephp/src/Controller/Controller.php(718): Cake\Controller\Component\PaginatorComponent->paginate(Object(App\Model\Table\ArticlesTable), Array)
#15 /var/www/html/test/src/Controller/ArticlesController.php(23): Cake\Controller\Controller->paginate(Object(App\Model\Table\ArticlesTable))
#16 /var/www/html/test/vendor/cakephp/cakephp/src/Controller/Controller.php(440): App\Controller\ArticlesController->index()
#17 /var/www/html/test/vendor/cakephp/cakephp/src/Http/ActionDispatcher.php(119): Cake\Controller\Controller->invokeAction()
#18 /var/www/html/test/vendor/cakephp/cakephp/src/Http/ActionDispatcher.php(93): Cake\Http\ActionDispatcher->_invoke(Object(App\Controller\ArticlesController))
#19 /var/www/html/test/vendor/cakephp/cakephp/src/Http/BaseApplication.php(108): Cake\Http\ActionDispatcher->dispatch(Object(Cake\Http\ServerRequest), Object(Cake\Http\Response))
#20 /var/www/html/test/vendor/cakephp/cakephp/src/Http/Runner.php(65): Cake\Http\BaseApplication->__invoke(Object(Cake\Http\ServerRequest), Object(Cake\Http\Response), Object(Cake\Http\Runner))
#21 /var/www/html/test/vendor/cakephp/cakephp/src/Routing/Middleware/RoutingMiddleware.php(104): Cake\Http\Runner->__invoke(Object(Cake\Http\ServerRequest), Object(Cake\Http\Response))
#22 /var/www/html/test/vendor/cakephp/cakephp/src/Http/Runner.php(65): Cake\Routing\Middleware\RoutingMiddleware->__invoke(Object(Cake\Http\ServerRequest), Object(Cake\Http\Response), Object(Cake\Http\Runner))
#23 /var/www/html/test/vendor/cakephp/cakephp/src/Routing/Middleware/AssetMiddleware.php(88): Cake\Http\Runner->__invoke(Object(Cake\Http\ServerRequest), Object(Cake\Http\Response))
#24 /var/www/html/test/vendor/cakephp/cakephp/src/Http/Runner.php(65): Cake\Routing\Middleware\AssetMiddleware->__invoke(Object(Cake\Http\ServerRequest), Object(Cake\Http\Response), Object(Cake\Http\Runner))
#25 /var/www/html/test/vendor/cakephp/cakephp/src/Error/Middleware/ErrorHandlerMiddleware.php(95): Cake\Http\Runner->__invoke(Object(Cake\Http\ServerRequest), Object(Cake\Http\Response))
#26 /var/www/html/test/vendor/cakephp/cakephp/src/Http/Runner.php(65): Cake\Error\Middleware\ErrorHandlerMiddleware->__invoke(Object(Cake\Http\ServerRequest), Object(Cake\Http\Response), Object(Cake\Http\Runner))
#27 /var/www/html/test/vendor/cakephp/cakephp/src/Http/Runner.php(51): Cake\Http\Runner->__invoke(Object(Cake\Http\ServerRequest), Object(Cake\Http\Response))
#28 /var/www/html/test/vendor/cakephp/cakephp/src/Http/Server.php(81): Cake\Http\Runner->run(Object(Cake\Http\MiddlewareQueue), Object(Cake\Http\ServerRequest), Object(Cake\Http\Response))
#29 /var/www/html/test/webroot/index.php(40): Cake\Http\Server->run()
#30 /var/www/html/test/index.php(16): require('/var/www/html/t...')
#31 {main}


2017-11-08 11:26:26 Warning: DebugKit not enabled. You need to either install pdo_sqlite, or define the "debug_kit" connection name.
2017-11-08 11:27:31 Warning: DebugKit not enabled. You need to either install pdo_sqlite, or define the "debug_kit" connection name.
2017-11-08 11:30:36 Warning: DebugKit not enabled. You need to either install pdo_sqlite, or define the "debug_kit" connection name.
2017-11-08 11:32:48 Warning: DebugKit not enabled. You need to either install pdo_sqlite, or define the "debug_kit" connection name.
